# JRE version: Java(TM) SE Runtime Environment (21.0.1+12) (build 21.0.1+12-LTS-29)
# Java VM: Java HotSpot(TM) 64-Bit Server VM (21.0.1+12-LTS-29, mixed mode, emulated-client, sharing, tiered, compressed oops, compressed class ptrs, g1 gc, windows-amd64)
GC Precious Log:
 CardTable entry size: 512
 Card Set container configuration: InlinePtr #cards 5 size 8 Array Of Cards #cards 12 size 40 Howl #buckets 4 coarsen threshold 1843 Howl Bitmap #cards 512 size 80 coarsen threshold 460 Card regions per heap region 1 cards per card region 2048
 CPUs: 8 total, 8 available
 Memory: 7930M
 Large Page Support: Disabled
 NUMA Support: Disabled
 Compressed Oops: Enabled (32-bit)
 Heap Region Size: 1M
 Heap Min Capacity: 8M
 Heap Initial Capacity: 124M
 Heap Max Capacity: 1984M
 Pre-touch: Disabled
 Parallel Workers: 8
 Concurrent Workers: 2
 Concurrent Refinement Workers: 8
 Periodic GC: Disabled
Heap:
 garbage-first heap   total 92160K, used 66341K [0x0000000084000000, 0x0000000100000000)
  region size 1024K, 38 young (38912K), 5 survivors (5120K)
 Metaspace       used 81141K, committed 81920K, reserved 1179648K
  class space    used 11334K, committed 11712K, reserved 1048576K
GC Heap History (20 events):
Event: 16855.204 GC heap before
{Heap before GC invocations=42 (full 5):
 garbage-first heap   total 92160K, used 76919K [0x0000000084000000, 0x0000000100000000)
  region size 1024K, 51 young (52224K), 7 survivors (7168K)
 Metaspace       used 79882K, committed 80640K, reserved 1179648K
  class space    used 11210K, committed 11584K, reserved 1048576K
}
Event: 16855.266 GC heap after
{Heap after GC invocations=43 (full 5):
 garbage-first heap   total 92160K, used 34406K [0x0000000084000000, 0x0000000100000000)
  region size 1024K, 4 young (4096K), 4 survivors (4096K)
 Metaspace       used 79882K, committed 80640K, reserved 1179648K
  class space    used 11210K, committed 11584K, reserved 1048576K
}
Event: 18382.392 GC heap before
{Heap before GC invocations=43 (full 5):
 garbage-first heap   total 92160K, used 78438K [0x0000000084000000, 0x0000000100000000)
  region size 1024K, 47 young (48128K), 4 survivors (4096K)
 Metaspace       used 79886K, committed 80640K, reserved 1179648K
  class space    used 11211K, committed 11584K, reserved 1048576K
}
Event: 18382.424 GC heap after
{Heap after GC invocations=44 (full 5):
 garbage-first heap   total 92160K, used 34711K [0x0000000084000000, 0x0000000100000000)
  region size 1024K, 3 young (3072K), 3 survivors (3072K)
 Metaspace       used 79886K, committed 80640K, reserved 1179648K
  class space    used 11211K, committed 11584K, reserved 1048576K
}
Event: 21430.061 GC heap before
{Heap before GC invocations=44 (full 5):
 garbage-first heap   total 92160K, used 81815K [0x0000000084000000, 0x0000000100000000)
  region size 1024K, 49 young (50176K), 3 survivors (3072K)
 Metaspace       used 79895K, committed 80640K, reserved 1179648K
  class space    used 11214K, committed 11584K, reserved 1048576K
}
Event: 21430.100 GC heap after
{Heap after GC invocations=45 (full 5):
 garbage-first heap   total 92160K, used 35373K [0x0000000084000000, 0x0000000100000000)
  region size 1024K, 4 young (4096K), 4 survivors (4096K)
 Metaspace       used 79895K, committed 80640K, reserved 1179648K
  class space    used 11214K, committed 11584K, reserved 1048576K
}
Event: 29589.458 GC heap before
{Heap before GC invocations=46 (full 5):
 garbage-first heap   total 92160K, used 81453K [0x0000000084000000, 0x0000000100000000)
  region size 1024K, 49 young (50176K), 4 survivors (4096K)
 Metaspace       used 79731K, committed 80640K, reserved 1179648K
  class space    used 11171K, committed 11584K, reserved 1048576K
}
Event: 29589.558 GC heap after
{Heap after GC invocations=47 (full 5):
 garbage-first heap   total 92160K, used 33896K [0x0000000084000000, 0x0000000100000000)
  region size 1024K, 3 young (3072K), 3 survivors (3072K)
 Metaspace       used 79731K, committed 80640K, reserved 1179648K
  class space    used 11171K, committed 11584K, reserved 1048576K
}
Event: 30969.124 GC heap before
{Heap before GC invocations=47 (full 5):
 garbage-first heap   total 92160K, used 62568K [0x0000000084000000, 0x0000000100000000)
  region size 1024K, 33 young (33792K), 3 survivors (3072K)
 Metaspace       used 80324K, committed 81024K, reserved 1179648K
  class space    used 11255K, committed 11584K, reserved 1048576K
}
Event: 30969.216 GC heap after
{Heap after GC invocations=48 (full 6):
 garbage-first heap   total 92160K, used 26911K [0x0000000084000000, 0x0000000100000000)
  region size 1024K, 0 young (0K), 0 survivors (0K)
 Metaspace       used 80282K, committed 81024K, reserved 1179648K
  class space    used 11244K, committed 11584K, reserved 1048576K
}
Event: 30970.733 GC heap before
{Heap before GC invocations=48 (full 6):
 garbage-first heap   total 92160K, used 80159K [0x0000000084000000, 0x0000000100000000)
  region size 1024K, 53 young (54272K), 0 survivors (0K)
 Metaspace       used 80589K, committed 81344K, reserved 1179648K
  class space    used 11292K, committed 11648K, reserved 1048576K
}
Event: 30970.762 GC heap after
{Heap after GC invocations=49 (full 6):
 garbage-first heap   total 92160K, used 33510K [0x0000000084000000, 0x0000000100000000)
  region size 1024K, 7 young (7168K), 7 survivors (7168K)
 Metaspace       used 80589K, committed 81344K, reserved 1179648K
  class space    used 11292K, committed 11648K, reserved 1048576K
}
Event: 30978.755 GC heap before
{Heap before GC invocations=50 (full 6):
 garbage-first heap   total 92160K, used 56038K [0x0000000084000000, 0x0000000100000000)
  region size 1024K, 30 young (30720K), 7 survivors (7168K)
 Metaspace       used 80689K, committed 81472K, reserved 1179648K
  class space    used 11308K, committed 11648K, reserved 1048576K
}
Event: 30978.823 GC heap after
{Heap after GC invocations=51 (full 7):
 garbage-first heap   total 92160K, used 29294K [0x0000000084000000, 0x0000000100000000)
  region size 1024K, 0 young (0K), 0 survivors (0K)
 Metaspace       used 80614K, committed 81472K, reserved 1179648K
  class space    used 11289K, committed 11648K, reserved 1048576K
}
Event: 30979.755 GC heap before
{Heap before GC invocations=51 (full 7):
 garbage-first heap   total 92160K, used 78446K [0x0000000084000000, 0x0000000100000000)
  region size 1024K, 49 young (50176K), 0 survivors (0K)
 Metaspace       used 80801K, committed 81600K, reserved 1179648K
  class space    used 11304K, committed 11712K, reserved 1048576K
}
Event: 30979.761 GC heap after
{Heap after GC invocations=52 (full 7):
 garbage-first heap   total 92160K, used 34160K [0x0000000084000000, 0x0000000100000000)
  region size 1024K, 5 young (5120K), 5 survivors (5120K)
 Metaspace       used 80801K, committed 81600K, reserved 1179648K
  class space    used 11304K, committed 11712K, reserved 1048576K
}
Event: 31000.748 GC heap before
{Heap before GC invocations=53 (full 7):
 garbage-first heap   total 92160K, used 54640K [0x0000000084000000, 0x0000000100000000)
  region size 1024K, 26 young (26624K), 5 survivors (5120K)
 Metaspace       used 80871K, committed 81664K, reserved 1179648K
  class space    used 11309K, committed 11712K, reserved 1048576K
}
Event: 31000.809 GC heap after
{Heap after GC invocations=54 (full 8):
 garbage-first heap   total 92160K, used 29593K [0x0000000084000000, 0x0000000100000000)
  region size 1024K, 0 young (0K), 0 survivors (0K)
 Metaspace       used 80868K, committed 81664K, reserved 1179648K
  class space    used 11309K, committed 11712K, reserved 1048576K
}
Event: 31001.477 GC heap before
{Heap before GC invocations=54 (full 8):
 garbage-first heap   total 92160K, used 78745K [0x0000000084000000, 0x0000000100000000)
  region size 1024K, 49 young (50176K), 0 survivors (0K)
 Metaspace       used 81060K, committed 81856K, reserved 1179648K
  class space    used 11328K, committed 11712K, reserved 1048576K
}
Event: 31001.484 GC heap after
{Heap after GC invocations=55 (full 8):
 garbage-first heap   total 92160K, used 34597K [0x0000000084000000, 0x0000000100000000)
  region size 1024K, 5 young (5120K), 5 survivors (5120K)
 Metaspace       used 81060K, committed 81856K, reserved 1179648K
  class space    used 11328K, committed 11712K, reserved 1048576K
}

