# JRE version: Java(TM) SE Runtime Environment (21.0.1+12) (build 21.0.1+12-LTS-29)
# Java VM: Java HotSpot(TM) 64-Bit Server VM (21.0.1+12-LTS-29, mixed mode, emulated-client, sharing, tiered, compressed oops, compressed class ptrs, g1 gc, windows-amd64)
GC Precious Log:
 CardTable entry size: 512
 Card Set container configuration: InlinePtr #cards 5 size 8 Array Of Cards #cards 12 size 40 Howl #buckets 4 coarsen threshold 1843 Howl Bitmap #cards 512 size 80 coarsen threshold 460 Card regions per heap region 1 cards per card region 2048
 CPUs: 8 total, 8 available
 Memory: 7930M
 Large Page Support: Disabled
 NUMA Support: Disabled
 Compressed Oops: Enabled (32-bit)
 Heap Region Size: 1M
 Heap Min Capacity: 8M
 Heap Initial Capacity: 124M
 Heap Max Capacity: 1984M
 Pre-touch: Disabled
 Parallel Workers: 8
 Concurrent Workers: 2
 Concurrent Refinement Workers: 8
 Periodic GC: Disabled
Heap:
 garbage-first heap   total 79872K, used 40355K [0x0000000084000000, 0x0000000100000000)
  region size 1024K, 15 young (15360K), 5 survivors (5120K)
 Metaspace       used 67305K, committed 68032K, reserved 1114112K
  class space    used 9397K, committed 9728K, reserved 1048576K
GC Heap History (20 events):
Event: 8.599 GC heap before
{Heap before GC invocations=11 (full 0):
 garbage-first heap   total 66560K, used 24232K [0x0000000084000000, 0x0000000100000000)
  region size 1024K, 6 young (6144K), 4 survivors (4096K)
 Metaspace       used 35192K, committed 35776K, reserved 1114112K
  class space    used 4821K, committed 5120K, reserved 1048576K
}
Event: 8.603 GC heap after
{Heap after GC invocations=12 (full 0):
 garbage-first heap   total 66560K, used 23511K [0x0000000084000000, 0x0000000100000000)
  region size 1024K, 3 young (3072K), 3 survivors (3072K)
 Metaspace       used 35192K, committed 35776K, reserved 1114112K
  class space    used 4821K, committed 5120K, reserved 1048576K
}
Event: 9.140 GC heap before
{Heap before GC invocations=13 (full 0):
 garbage-first heap   total 66560K, used 58327K [0x0000000084000000, 0x0000000100000000)
  region size 1024K, 37 young (37888K), 3 survivors (3072K)
 Metaspace       used 38454K, committed 39040K, reserved 1114112K
  class space    used 5276K, committed 5568K, reserved 1048576K
}
Event: 9.144 GC heap after
{Heap after GC invocations=14 (full 0):
 garbage-first heap   total 66560K, used 23814K [0x0000000084000000, 0x0000000100000000)
  region size 1024K, 3 young (3072K), 3 survivors (3072K)
 Metaspace       used 38454K, committed 39040K, reserved 1114112K
  class space    used 5276K, committed 5568K, reserved 1048576K
}
Event: 9.459 GC heap before
{Heap before GC invocations=14 (full 0):
 garbage-first heap   total 66560K, used 58630K [0x0000000084000000, 0x0000000100000000)
  region size 1024K, 37 young (37888K), 3 survivors (3072K)
 Metaspace       used 41557K, committed 42176K, reserved 1114112K
  class space    used 5815K, committed 6080K, reserved 1048576K
}
Event: 9.465 GC heap after
{Heap after GC invocations=15 (full 0):
 garbage-first heap   total 66560K, used 24422K [0x0000000084000000, 0x0000000100000000)
  region size 1024K, 4 young (4096K), 4 survivors (4096K)
 Metaspace       used 41557K, committed 42176K, reserved 1114112K
  class space    used 5815K, committed 6080K, reserved 1048576K
}
Event: 10.181 GC heap before
{Heap before GC invocations=15 (full 0):
 garbage-first heap   total 66560K, used 57190K [0x0000000084000000, 0x0000000100000000)
  region size 1024K, 36 young (36864K), 4 survivors (4096K)
 Metaspace       used 46723K, committed 47360K, reserved 1114112K
  class space    used 6397K, committed 6656K, reserved 1048576K
}
Event: 10.189 GC heap after
{Heap after GC invocations=16 (full 0):
 garbage-first heap   total 66560K, used 26409K [0x0000000084000000, 0x0000000100000000)
  region size 1024K, 4 young (4096K), 4 survivors (4096K)
 Metaspace       used 46723K, committed 47360K, reserved 1114112K
  class space    used 6397K, committed 6656K, reserved 1048576K
}
Event: 10.813 GC heap before
{Heap before GC invocations=16 (full 0):
 garbage-first heap   total 66560K, used 57129K [0x0000000084000000, 0x0000000100000000)
  region size 1024K, 34 young (34816K), 4 survivors (4096K)
 Metaspace       used 50694K, committed 51264K, reserved 1114112K
  class space    used 6945K, committed 7168K, reserved 1048576K
}
Event: 10.819 GC heap after
{Heap after GC invocations=17 (full 0):
 garbage-first heap   total 66560K, used 27320K [0x0000000084000000, 0x0000000100000000)
  region size 1024K, 4 young (4096K), 4 survivors (4096K)
 Metaspace       used 50694K, committed 51264K, reserved 1114112K
  class space    used 6945K, committed 7168K, reserved 1048576K
}
Event: 11.135 GC heap before
{Heap before GC invocations=17 (full 0):
 garbage-first heap   total 66560K, used 57016K [0x0000000084000000, 0x0000000100000000)
  region size 1024K, 33 young (33792K), 4 survivors (4096K)
 Metaspace       used 53193K, committed 53824K, reserved 1114112K
  class space    used 7274K, committed 7552K, reserved 1048576K
}
Event: 11.141 GC heap after
{Heap after GC invocations=18 (full 0):
 garbage-first heap   total 66560K, used 27993K [0x0000000084000000, 0x0000000100000000)
  region size 1024K, 2 young (2048K), 2 survivors (2048K)
 Metaspace       used 53193K, committed 53824K, reserved 1114112K
  class space    used 7274K, committed 7552K, reserved 1048576K
}
Event: 11.451 GC heap before
{Heap before GC invocations=18 (full 0):
 garbage-first heap   total 66560K, used 58713K [0x0000000084000000, 0x0000000100000000)
  region size 1024K, 33 young (33792K), 2 survivors (2048K)
 Metaspace       used 56980K, committed 57664K, reserved 1114112K
  class space    used 7845K, committed 8128K, reserved 1048576K
}
Event: 11.455 GC heap after
{Heap after GC invocations=19 (full 0):
 garbage-first heap   total 66560K, used 28450K [0x0000000084000000, 0x0000000100000000)
  region size 1024K, 3 young (3072K), 3 survivors (3072K)
 Metaspace       used 56980K, committed 57664K, reserved 1114112K
  class space    used 7845K, committed 8128K, reserved 1048576K
}
Event: 11.662 GC heap before
{Heap before GC invocations=19 (full 0):
 garbage-first heap   total 66560K, used 46882K [0x0000000084000000, 0x0000000100000000)
  region size 1024K, 22 young (22528K), 3 survivors (3072K)
 Metaspace       used 59181K, committed 59840K, reserved 1114112K
  class space    used 8186K, committed 8512K, reserved 1048576K
}
Event: 11.666 GC heap after
{Heap after GC invocations=20 (full 0):
 garbage-first heap   total 79872K, used 28733K [0x0000000084000000, 0x0000000100000000)
  region size 1024K, 2 young (2048K), 2 survivors (2048K)
 Metaspace       used 59181K, committed 59840K, reserved 1114112K
  class space    used 8186K, committed 8512K, reserved 1048576K
}
Event: 12.276 GC heap before
{Heap before GC invocations=21 (full 0):
 garbage-first heap   total 79872K, used 71741K [0x0000000084000000, 0x0000000100000000)
  region size 1024K, 44 young (45056K), 2 survivors (2048K)
 Metaspace       used 62940K, committed 63616K, reserved 1114112K
  class space    used 8825K, committed 9152K, reserved 1048576K
}
Event: 12.281 GC heap after
{Heap after GC invocations=22 (full 0):
 garbage-first heap   total 79872K, used 29426K [0x0000000084000000, 0x0000000100000000)
  region size 1024K, 3 young (3072K), 3 survivors (3072K)
 Metaspace       used 62940K, committed 63616K, reserved 1114112K
  class space    used 8825K, committed 9152K, reserved 1048576K
}
Event: 12.816 GC heap before
{Heap before GC invocations=22 (full 0):
 garbage-first heap   total 79872K, used 70386K [0x0000000084000000, 0x0000000100000000)
  region size 1024K, 43 young (44032K), 3 survivors (3072K)
 Metaspace       used 66722K, committed 67392K, reserved 1114112K
  class space    used 9304K, committed 9600K, reserved 1048576K
}
Event: 12.825 GC heap after
{Heap after GC invocations=23 (full 0):
 garbage-first heap   total 79872K, used 31139K [0x0000000084000000, 0x0000000100000000)
  region size 1024K, 5 young (5120K), 5 survivors (5120K)
 Metaspace       used 66722K, committed 67392K, reserved 1114112K
  class space    used 9304K, committed 9600K, reserved 1048576K
}

